<?xml version="1.0" encoding="UTF-8"?>
<!-- Generated by org.testng.reporters.JUnitXMLReporter -->
<testsuite ignored="0" hostname="Harish-kumar" failures="0" tests="6" name="Default test" time="7.582" errors="0" timestamp="2023-07-20T11:50:21 IST">
  <testcase classname="com.ecommerce.test.ParalellTest" name="f1" time="0.004"/>
  <testcase classname="com.ecommerce.test.ParalellTest" name="f2" time="0.001"/>
  <testcase classname="com.ecommerce.test.ParalellTest" name="facebookAccCreation" time="1.316"/>
  <testcase classname="com.ecommerce.test.ParalellTest" name="googleWebsiteTitle" time="1.043"/>
  <testcase classname="com.ecommerce.test.ParalellTest" name="googleAccCreation" time="1.513"/>
  <testcase classname="com.ecommerce.test.ParalellTest" name="googleAccCreation" time="0.996"/>
</testsuite> <!-- Default test -->
