<?xml version="1.0" encoding="UTF-8"?>
<testng-results ignored="0" total="6" passed="6" failed="0" skipped="0">
  <reporter-output>
  </reporter-output>
  <suite started-at="2023-07-20T11:50:13 IST" name="Default suite" finished-at="2023-07-20T11:50:21 IST" duration-ms="7582">
    <groups>
      <group name="Account Creation">
        <method signature="ParalellTest.facebookAccCreation()[pri:0, instance:com.ecommerce.test.ParalellTest@3b0fe47a]" name="facebookAccCreation" class="com.ecommerce.test.ParalellTest"/>
        <method signature="ParalellTest.googleAccCreation(java.lang.String,java.lang.String)[pri:0, instance:com.ecommerce.test.ParalellTest@3b0fe47a]" name="googleAccCreation" class="com.ecommerce.test.ParalellTest"/>
      </group> <!-- Account Creation -->
      <group name="Launch">
        <method signature="ParalellTest.googleWebsiteTitle()[pri:0, instance:com.ecommerce.test.ParalellTest@3b0fe47a]" name="googleWebsiteTitle" class="com.ecommerce.test.ParalellTest"/>
      </group> <!-- Launch -->
    </groups>
    <test started-at="2023-07-20T11:50:13 IST" name="Default test" finished-at="2023-07-20T11:50:21 IST" duration-ms="7582">
      <class name="com.ecommerce.test.ParalellTest">
        <test-method is-config="true" signature="beforeClass()[pri:0, instance:com.ecommerce.test.ParalellTest@3b0fe47a]" started-at="2023-07-20T11:50:13 IST" name="beforeClass" finished-at="2023-07-20T11:50:16 IST" duration-ms="2337" status="PASS">
          <reporter-output>
          </reporter-output>
        </test-method> <!-- beforeClass -->
        <test-method signature="f1()[pri:0, instance:com.ecommerce.test.ParalellTest@3b0fe47a]" started-at="2023-07-20T11:50:16 IST" name="f1" finished-at="2023-07-20T11:50:16 IST" duration-ms="4" status="PASS">
          <reporter-output>
          </reporter-output>
        </test-method> <!-- f1 -->
        <test-method signature="f2()[pri:0, instance:com.ecommerce.test.ParalellTest@3b0fe47a]" started-at="2023-07-20T11:50:16 IST" name="f2" finished-at="2023-07-20T11:50:16 IST" duration-ms="1" status="PASS">
          <reporter-output>
          </reporter-output>
        </test-method> <!-- f2 -->
        <test-method signature="facebookAccCreation()[pri:0, instance:com.ecommerce.test.ParalellTest@3b0fe47a]" started-at="2023-07-20T11:50:16 IST" name="facebookAccCreation" finished-at="2023-07-20T11:50:17 IST" duration-ms="1316" status="PASS">
          <reporter-output>
          </reporter-output>
        </test-method> <!-- facebookAccCreation -->
        <test-method signature="googleWebsiteTitle()[pri:0, instance:com.ecommerce.test.ParalellTest@3b0fe47a]" started-at="2023-07-20T11:50:17 IST" name="googleWebsiteTitle" finished-at="2023-07-20T11:50:18 IST" duration-ms="1043" status="PASS">
          <reporter-output>
          </reporter-output>
        </test-method> <!-- googleWebsiteTitle -->
        <test-method signature="googleAccCreation(java.lang.String,java.lang.String)[pri:0, instance:com.ecommerce.test.ParalellTest@3b0fe47a]" started-at="2023-07-20T11:50:18 IST" name="googleAccCreation" data-provider="googleUserData" depends-on-groups="Launch" finished-at="2023-07-20T11:50:20 IST" duration-ms="1513" status="PASS">
          <params>
            <param index="0">
              <value>
                <![CDATA[fname1]]>
              </value>
            </param>
            <param index="1">
              <value>
                <![CDATA[lname1]]>
              </value>
            </param>
          </params>
          <reporter-output>
          </reporter-output>
        </test-method> <!-- googleAccCreation -->
        <test-method signature="googleAccCreation(java.lang.String,java.lang.String)[pri:0, instance:com.ecommerce.test.ParalellTest@3b0fe47a]" started-at="2023-07-20T11:50:20 IST" name="googleAccCreation" data-provider="googleUserData" depends-on-groups="Launch" finished-at="2023-07-20T11:50:21 IST" duration-ms="996" status="PASS">
          <params>
            <param index="0">
              <value>
                <![CDATA[fname2]]>
              </value>
            </param>
            <param index="1">
              <value>
                <![CDATA[lname2]]>
              </value>
            </param>
          </params>
          <reporter-output>
          </reporter-output>
        </test-method> <!-- googleAccCreation -->
        <test-method is-config="true" signature="afterClass()[pri:0, instance:com.ecommerce.test.ParalellTest@3b0fe47a]" started-at="2023-07-20T11:50:21 IST" name="afterClass" finished-at="2023-07-20T11:50:21 IST" duration-ms="310" status="PASS">
          <reporter-output>
          </reporter-output>
        </test-method> <!-- afterClass -->
      </class> <!-- com.ecommerce.test.ParalellTest -->
    </test> <!-- Default test -->
  </suite> <!-- Default suite -->
</testng-results>
